{"C:\\Users\\juanc\\Desktop\\introduccion-a-js-master\\pokedex\\src\\api\\api.js": {"path":"C:\\Users\\juanc\\Desktop\\introduccion-a-js-master\\pokedex\\src\\api\\api.js","statementMap":{"0":{"start":{"line":17,"column":2},"end":{"line":25,"column":6}},"1":{"start":{"line":18,"column":23},"end":{"line":18,"column":39}},"2":{"start":{"line":20,"column":60},"end":{"line":20,"column":73}},"3":{"start":{"line":21,"column":6},"end":{"line":21,"column":33}},"4":{"start":{"line":22,"column":6},"end":{"line":22,"column":46}},"5":{"start":{"line":23,"column":6},"end":{"line":23,"column":36}},"6":{"start":{"line":24,"column":6},"end":{"line":24,"column":39}},"7":{"start":{"line":28,"column":2},"end":{"line":39,"column":3}},"8":{"start":{"line":29,"column":4},"end":{"line":29,"column":52}},"9":{"start":{"line":30,"column":4},"end":{"line":30,"column":44}},"10":{"start":{"line":32,"column":4},"end":{"line":38,"column":8}},"11":{"start":{"line":33,"column":19},"end":{"line":33,"column":29}},"12":{"start":{"line":35,"column":8},"end":{"line":35,"column":38}},"13":{"start":{"line":36,"column":8},"end":{"line":36,"column":31}},"14":{"start":{"line":37,"column":8},"end":{"line":37,"column":58}},"15":{"start":{"line":42,"column":2},"end":{"line":49,"column":6}},"16":{"start":{"line":43,"column":23},"end":{"line":43,"column":39}},"17":{"start":{"line":45,"column":37},"end":{"line":45,"column":50}},"18":{"start":{"line":46,"column":6},"end":{"line":46,"column":36}},"19":{"start":{"line":47,"column":6},"end":{"line":47,"column":42}},"20":{"start":{"line":48,"column":6},"end":{"line":48,"column":65}},"21":{"start":{"line":52,"column":2},"end":{"line":59,"column":6}},"22":{"start":{"line":53,"column":23},"end":{"line":53,"column":39}},"23":{"start":{"line":55,"column":37},"end":{"line":55,"column":50}},"24":{"start":{"line":56,"column":6},"end":{"line":56,"column":36}},"25":{"start":{"line":57,"column":6},"end":{"line":57,"column":42}},"26":{"start":{"line":58,"column":6},"end":{"line":58,"column":64}}},"fnMap":{"0":{"name":"obtenerInfoPokemones","decl":{"start":{"line":16,"column":16},"end":{"line":16,"column":36}},"loc":{"start":{"line":16,"column":40},"end":{"line":26,"column":1}},"line":16},"1":{"name":"(anonymous_1)","decl":{"start":{"line":18,"column":10},"end":{"line":18,"column":11}},"loc":{"start":{"line":18,"column":23},"end":{"line":18,"column":39}},"line":18},"2":{"name":"(anonymous_2)","decl":{"start":{"line":19,"column":10},"end":{"line":19,"column":11}},"loc":{"start":{"line":19,"column":27},"end":{"line":25,"column":5}},"line":19},"3":{"name":"cargarDataPokemones","decl":{"start":{"line":27,"column":16},"end":{"line":27,"column":35}},"loc":{"start":{"line":27,"column":45},"end":{"line":40,"column":1}},"line":27},"4":{"name":"(anonymous_4)","decl":{"start":{"line":33,"column":12},"end":{"line":33,"column":13}},"loc":{"start":{"line":33,"column":19},"end":{"line":33,"column":29}},"line":33},"5":{"name":"(anonymous_5)","decl":{"start":{"line":34,"column":12},"end":{"line":34,"column":13}},"loc":{"start":{"line":34,"column":23},"end":{"line":38,"column":7}},"line":34},"6":{"name":"obtenerPaginaSiguienteDesdeAPI","decl":{"start":{"line":41,"column":16},"end":{"line":41,"column":46}},"loc":{"start":{"line":41,"column":50},"end":{"line":50,"column":1}},"line":41},"7":{"name":"(anonymous_7)","decl":{"start":{"line":43,"column":10},"end":{"line":43,"column":11}},"loc":{"start":{"line":43,"column":23},"end":{"line":43,"column":39}},"line":43},"8":{"name":"(anonymous_8)","decl":{"start":{"line":44,"column":10},"end":{"line":44,"column":11}},"loc":{"start":{"line":44,"column":27},"end":{"line":49,"column":5}},"line":44},"9":{"name":"obtenerPaginaAnteriorDesdeAPI","decl":{"start":{"line":51,"column":16},"end":{"line":51,"column":45}},"loc":{"start":{"line":51,"column":49},"end":{"line":60,"column":1}},"line":51},"10":{"name":"(anonymous_10)","decl":{"start":{"line":53,"column":10},"end":{"line":53,"column":11}},"loc":{"start":{"line":53,"column":23},"end":{"line":53,"column":39}},"line":53},"11":{"name":"(anonymous_11)","decl":{"start":{"line":54,"column":10},"end":{"line":54,"column":11}},"loc":{"start":{"line":54,"column":27},"end":{"line":59,"column":5}},"line":54}},"branchMap":{},"s":{"0":0,"1":0,"2":0,"3":0,"4":0,"5":0,"6":0,"7":0,"8":0,"9":0,"10":0,"11":0,"12":0,"13":0,"14":0,"15":0,"16":0,"17":0,"18":0,"19":0,"20":0,"21":0,"22":0,"23":0,"24":0,"25":0,"26":0},"f":{"0":0,"1":0,"2":0,"3":0,"4":0,"5":0,"6":0,"7":0,"8":0,"9":0,"10":0,"11":0},"b":{},"_coverageSchema":"1a1c01bbd47fc00a2c39e90264f33305004495a9","hash":"d2606539c301e4ef8f8b9e54f02daf804fc32108"}
,"C:\\Users\\juanc\\Desktop\\introduccion-a-js-master\\pokedex\\src\\manejador\\manejador.js": {"path":"C:\\Users\\juanc\\Desktop\\introduccion-a-js-master\\pokedex\\src\\manejador\\manejador.js","statementMap":{"0":{"start":{"line":4,"column":20},"end":{"line":4,"column":21}},"1":{"start":{"line":7,"column":2},"end":{"line":7,"column":14}},"2":{"start":{"line":8,"column":2},"end":{"line":8,"column":29}},"3":{"start":{"line":9,"column":2},"end":{"line":9,"column":25}},"4":{"start":{"line":12,"column":2},"end":{"line":18,"column":3}},"5":{"start":{"line":13,"column":4},"end":{"line":13,"column":12}},"6":{"start":{"line":15,"column":4},"end":{"line":15,"column":16}},"7":{"start":{"line":16,"column":4},"end":{"line":16,"column":31}},"8":{"start":{"line":17,"column":4},"end":{"line":17,"column":26}}},"fnMap":{"0":{"name":"obtenerNuevosPokemones","decl":{"start":{"line":6,"column":16},"end":{"line":6,"column":38}},"loc":{"start":{"line":6,"column":42},"end":{"line":10,"column":1}},"line":6},"1":{"name":"obtenerPokemonesAnteriores","decl":{"start":{"line":11,"column":16},"end":{"line":11,"column":42}},"loc":{"start":{"line":11,"column":46},"end":{"line":19,"column":1}},"line":11},"2":{"name":"(anonymous_2)","decl":{"start":{"line":13,"column":4},"end":{"line":13,"column":5}},"loc":{"start":{"line":13,"column":10},"end":{"line":13,"column":12}},"line":13}},"branchMap":{"0":{"loc":{"start":{"line":12,"column":2},"end":{"line":18,"column":3}},"type":"if","locations":[{"start":{"line":12,"column":2},"end":{"line":18,"column":3}},{"start":{"line":12,"column":2},"end":{"line":18,"column":3}}],"line":12}},"s":{"0":1,"1":0,"2":0,"3":0,"4":0,"5":0,"6":0,"7":0,"8":0},"f":{"0":0,"1":0,"2":0},"b":{"0":[0,0]},"_coverageSchema":"1a1c01bbd47fc00a2c39e90264f33305004495a9","hash":"c809775dacc1d962e560587ddf2844847737e57b"}
,"C:\\Users\\juanc\\Desktop\\introduccion-a-js-master\\pokedex\\src\\servicios\\servicios.js": {"path":"C:\\Users\\juanc\\Desktop\\introduccion-a-js-master\\pokedex\\src\\servicios\\servicios.js","statementMap":{"0":{"start":{"line":7,"column":2},"end":{"line":13,"column":3}},"1":{"start":{"line":8,"column":21},"end":{"line":8,"column":45}},"2":{"start":{"line":9,"column":4},"end":{"line":9,"column":41}},"3":{"start":{"line":10,"column":4},"end":{"line":10,"column":50}},"4":{"start":{"line":12,"column":4},"end":{"line":12,"column":36}},"5":{"start":{"line":17,"column":2},"end":{"line":23,"column":3}},"6":{"start":{"line":18,"column":21},"end":{"line":18,"column":45}},"7":{"start":{"line":19,"column":4},"end":{"line":19,"column":41}},"8":{"start":{"line":20,"column":4},"end":{"line":20,"column":49}},"9":{"start":{"line":22,"column":4},"end":{"line":22,"column":35}}},"fnMap":{"0":{"name":"cargarPaginaSiguiente","decl":{"start":{"line":6,"column":16},"end":{"line":6,"column":37}},"loc":{"start":{"line":6,"column":41},"end":{"line":14,"column":1}},"line":6},"1":{"name":"cargarPaginaAnterior","decl":{"start":{"line":16,"column":16},"end":{"line":16,"column":36}},"loc":{"start":{"line":16,"column":40},"end":{"line":24,"column":1}},"line":16}},"branchMap":{},"s":{"0":0,"1":0,"2":0,"3":0,"4":0,"5":0,"6":0,"7":0,"8":0,"9":0},"f":{"0":0,"1":0},"b":{},"_coverageSchema":"1a1c01bbd47fc00a2c39e90264f33305004495a9","hash":"d2581f2ed85d95b4839292798c617860b39e5217"}
,"C:\\Users\\juanc\\Desktop\\introduccion-a-js-master\\pokedex\\src\\storage\\storage.js": {"path":"C:\\Users\\juanc\\Desktop\\introduccion-a-js-master\\pokedex\\src\\storage\\storage.js","statementMap":{"0":{"start":{"line":2,"column":2},"end":{"line":2,"column":61}},"1":{"start":{"line":5,"column":2},"end":{"line":5,"column":50}},"2":{"start":{"line":8,"column":2},"end":{"line":8,"column":57}},"3":{"start":{"line":11,"column":2},"end":{"line":11,"column":52}}},"fnMap":{"0":{"name":"guardarPokemon","decl":{"start":{"line":1,"column":16},"end":{"line":1,"column":30}},"loc":{"start":{"line":1,"column":41},"end":{"line":3,"column":1}},"line":1},"1":{"name":"buscarPokemonEnLS","decl":{"start":{"line":4,"column":16},"end":{"line":4,"column":33}},"loc":{"start":{"line":4,"column":44},"end":{"line":6,"column":1}},"line":4},"2":{"name":"guardarPagina","decl":{"start":{"line":7,"column":16},"end":{"line":7,"column":29}},"loc":{"start":{"line":7,"column":50},"end":{"line":9,"column":1}},"line":7},"3":{"name":"buscarPaginaEnLS","decl":{"start":{"line":10,"column":16},"end":{"line":10,"column":32}},"loc":{"start":{"line":10,"column":45},"end":{"line":12,"column":1}},"line":10}},"branchMap":{},"s":{"0":0,"1":0,"2":0,"3":0},"f":{"0":0,"1":0,"2":0,"3":0},"b":{},"_coverageSchema":"1a1c01bbd47fc00a2c39e90264f33305004495a9","hash":"fec45a09fd148a1656ecc60a875901774764cc21"}
,"C:\\Users\\juanc\\Desktop\\introduccion-a-js-master\\pokedex\\src\\ui\\ui.js": {"path":"C:\\Users\\juanc\\Desktop\\introduccion-a-js-master\\pokedex\\src\\ui\\ui.js","statementMap":{"0":{"start":{"line":4,"column":2},"end":{"line":4,"column":79}},"1":{"start":{"line":7,"column":26},"end":{"line":7,"column":68}},"2":{"start":{"line":8,"column":2},"end":{"line":18,"column":4}},"3":{"start":{"line":9,"column":29},"end":{"line":9,"column":36}},"4":{"start":{"line":10,"column":18},"end":{"line":10,"column":45}},"5":{"start":{"line":11,"column":4},"end":{"line":11,"column":30}},"6":{"start":{"line":12,"column":4},"end":{"line":12,"column":35}},"7":{"start":{"line":13,"column":4},"end":{"line":13,"column":74}},"8":{"start":{"line":14,"column":4},"end":{"line":16,"column":6}},"9":{"start":{"line":15,"column":6},"end":{"line":15,"column":33}},"10":{"start":{"line":17,"column":4},"end":{"line":17,"column":38}},"11":{"start":{"line":21,"column":14},"end":{"line":21,"column":44}},"12":{"start":{"line":22,"column":2},"end":{"line":24,"column":4}},"13":{"start":{"line":23,"column":4},"end":{"line":23,"column":14}},"14":{"start":{"line":27,"column":23},"end":{"line":27,"column":62}},"15":{"start":{"line":28,"column":2},"end":{"line":28,"column":33}},"16":{"start":{"line":29,"column":25},"end":{"line":29,"column":66}},"17":{"start":{"line":30,"column":2},"end":{"line":30,"column":37}},"18":{"start":{"line":31,"column":25},"end":{"line":31,"column":66}},"19":{"start":{"line":32,"column":2},"end":{"line":32,"column":37}},"20":{"start":{"line":33,"column":23},"end":{"line":33,"column":60}},"21":{"start":{"line":34,"column":2},"end":{"line":34,"column":33}},"22":{"start":{"line":35,"column":25},"end":{"line":35,"column":66}},"23":{"start":{"line":36,"column":2},"end":{"line":36,"column":37}},"24":{"start":{"line":37,"column":26},"end":{"line":37,"column":68}},"25":{"start":{"line":38,"column":2},"end":{"line":38,"column":39}},"26":{"start":{"line":39,"column":29},"end":{"line":39,"column":71}},"27":{"start":{"line":40,"column":2},"end":{"line":40,"column":49}},"28":{"start":{"line":41,"column":30},"end":{"line":41,"column":73}},"29":{"start":{"line":42,"column":2},"end":{"line":42,"column":51}},"30":{"start":{"line":43,"column":28},"end":{"line":43,"column":72}},"31":{"start":{"line":44,"column":2},"end":{"line":44,"column":43}},"32":{"start":{"line":47,"column":15},"end":{"line":47,"column":29}},"33":{"start":{"line":48,"column":17},"end":{"line":48,"column":31}},"34":{"start":{"line":49,"column":17},"end":{"line":49,"column":29}},"35":{"start":{"line":50,"column":16},"end":{"line":50,"column":49}},"36":{"start":{"line":51,"column":13},"end":{"line":51,"column":47}},"37":{"start":{"line":52,"column":17},"end":{"line":52,"column":51}},"38":{"start":{"line":53,"column":18},"end":{"line":53,"column":52}},"39":{"start":{"line":54,"column":25},"end":{"line":54,"column":59}},"40":{"start":{"line":55,"column":26},"end":{"line":55,"column":60}},"41":{"start":{"line":56,"column":20},"end":{"line":56,"column":54}},"42":{"start":{"line":57,"column":22},"end":{"line":57,"column":35}},"43":{"start":{"line":58,"column":19},"end":{"line":58,"column":54}},"44":{"start":{"line":59,"column":2},"end":{"line":61,"column":4}},"45":{"start":{"line":60,"column":4},"end":{"line":60,"column":17}},"46":{"start":{"line":62,"column":2},"end":{"line":71,"column":4}},"47":{"start":{"line":63,"column":18},"end":{"line":63,"column":32}},"48":{"start":{"line":64,"column":33},"end":{"line":64,"column":65}},"49":{"start":{"line":65,"column":4},"end":{"line":65,"column":44}},"50":{"start":{"line":66,"column":18},"end":{"line":66,"column":47}},"51":{"start":{"line":67,"column":16},"end":{"line":67,"column":49}},"52":{"start":{"line":68,"column":4},"end":{"line":68,"column":26}},"53":{"start":{"line":69,"column":4},"end":{"line":69,"column":47}},"54":{"start":{"line":70,"column":4},"end":{"line":70,"column":43}},"55":{"start":{"line":72,"column":23},"end":{"line":72,"column":62}},"56":{"start":{"line":73,"column":2},"end":{"line":73,"column":26}},"57":{"start":{"line":74,"column":2},"end":{"line":74,"column":41}},"58":{"start":{"line":75,"column":2},"end":{"line":75,"column":109}}},"fnMap":{"0":{"name":"mostrarCantidadPokemones","decl":{"start":{"line":3,"column":16},"end":{"line":3,"column":40}},"loc":{"start":{"line":3,"column":61},"end":{"line":5,"column":1}},"line":3},"1":{"name":"crearListaPokemones","decl":{"start":{"line":6,"column":16},"end":{"line":6,"column":35}},"loc":{"start":{"line":6,"column":48},"end":{"line":19,"column":1}},"line":6},"2":{"name":"(anonymous_2)","decl":{"start":{"line":8,"column":20},"end":{"line":8,"column":21}},"loc":{"start":{"line":8,"column":31},"end":{"line":18,"column":3}},"line":8},"3":{"name":"(anonymous_3)","decl":{"start":{"line":14,"column":36},"end":{"line":14,"column":37}},"loc":{"start":{"line":14,"column":42},"end":{"line":16,"column":5}},"line":14},"4":{"name":"borrarPokemonesAnteriores","decl":{"start":{"line":20,"column":16},"end":{"line":20,"column":41}},"loc":{"start":{"line":20,"column":45},"end":{"line":25,"column":1}},"line":20},"5":{"name":"(anonymous_5)","decl":{"start":{"line":22,"column":14},"end":{"line":22,"column":15}},"loc":{"start":{"line":22,"column":19},"end":{"line":24,"column":3}},"line":22},"6":{"name":"mostrarInfoPokemones","decl":{"start":{"line":26,"column":16},"end":{"line":26,"column":36}},"loc":{"start":{"line":26,"column":127},"end":{"line":45,"column":1}},"line":26},"7":{"name":"actualizarInformacion","decl":{"start":{"line":46,"column":16},"end":{"line":46,"column":37}},"loc":{"start":{"line":46,"column":48},"end":{"line":76,"column":1}},"line":46},"8":{"name":"(anonymous_8)","decl":{"start":{"line":59,"column":19},"end":{"line":59,"column":20}},"loc":{"start":{"line":59,"column":29},"end":{"line":61,"column":3}},"line":59},"9":{"name":"(anonymous_9)","decl":{"start":{"line":62,"column":22},"end":{"line":62,"column":23}},"loc":{"start":{"line":62,"column":32},"end":{"line":71,"column":3}},"line":62}},"branchMap":{},"s":{"0":1,"1":1,"2":1,"3":1,"4":1,"5":1,"6":1,"7":1,"8":1,"9":0,"10":1,"11":1,"12":1,"13":1,"14":0,"15":0,"16":0,"17":0,"18":0,"19":0,"20":0,"21":0,"22":0,"23":0,"24":0,"25":0,"26":0,"27":0,"28":0,"29":0,"30":0,"31":0,"32":0,"33":0,"34":0,"35":0,"36":0,"37":0,"38":0,"39":0,"40":0,"41":0,"42":0,"43":0,"44":0,"45":0,"46":0,"47":0,"48":0,"49":0,"50":0,"51":0,"52":0,"53":0,"54":0,"55":0,"56":0,"57":0,"58":0},"f":{"0":1,"1":1,"2":1,"3":0,"4":1,"5":1,"6":0,"7":0,"8":0,"9":0},"b":{},"_coverageSchema":"1a1c01bbd47fc00a2c39e90264f33305004495a9","hash":"603e996f71ad9ea4ae649ac7413456d78a695e2e"}
}
