TN:
SF:src\api\api.js
FN:16,obtenerInfoPokemones
FN:18,(anonymous_1)
FN:19,(anonymous_2)
FN:27,cargarDataPokemones
FN:33,(anonymous_4)
FN:34,(anonymous_5)
FN:41,obtenerPaginaSiguienteDesdeAPI
FN:43,(anonymous_7)
FN:44,(anonymous_8)
FN:51,obtenerPaginaAnteriorDesdeAPI
FN:53,(anonymous_10)
FN:54,(anonymous_11)
FNF:12
FNH:0
FNDA:0,obtenerInfoPokemones
FNDA:0,(anonymous_1)
FNDA:0,(anonymous_2)
FNDA:0,cargarDataPokemones
FNDA:0,(anonymous_4)
FNDA:0,(anonymous_5)
FNDA:0,obtenerPaginaSiguienteDesdeAPI
FNDA:0,(anonymous_7)
FNDA:0,(anonymous_8)
FNDA:0,obtenerPaginaAnteriorDesdeAPI
FNDA:0,(anonymous_10)
FNDA:0,(anonymous_11)
DA:17,0
DA:18,0
DA:20,0
DA:21,0
DA:22,0
DA:23,0
DA:24,0
DA:28,0
DA:29,0
DA:30,0
DA:32,0
DA:33,0
DA:35,0
DA:36,0
DA:37,0
DA:42,0
DA:43,0
DA:45,0
DA:46,0
DA:47,0
DA:48,0
DA:52,0
DA:53,0
DA:55,0
DA:56,0
DA:57,0
DA:58,0
LF:27
LH:0
BRF:0
BRH:0
end_of_record
TN:
SF:src\manejador\manejador.js
FN:6,obtenerNuevosPokemones
FN:11,obtenerPokemonesAnteriores
FN:13,(anonymous_2)
FNF:3
FNH:0
FNDA:0,obtenerNuevosPokemones
FNDA:0,obtenerPokemonesAnteriores
FNDA:0,(anonymous_2)
DA:4,1
DA:7,0
DA:8,0
DA:9,0
DA:12,0
DA:13,0
DA:15,0
DA:16,0
DA:17,0
LF:9
LH:1
BRDA:12,0,0,0
BRDA:12,0,1,0
BRF:2
BRH:0
end_of_record
TN:
SF:src\servicios\servicios.js
FN:6,cargarPaginaSiguiente
FN:16,cargarPaginaAnterior
FNF:2
FNH:0
FNDA:0,cargarPaginaSiguiente
FNDA:0,cargarPaginaAnterior
DA:7,0
DA:8,0
DA:9,0
DA:10,0
DA:12,0
DA:17,0
DA:18,0
DA:19,0
DA:20,0
DA:22,0
LF:10
LH:0
BRF:0
BRH:0
end_of_record
TN:
SF:src\storage\storage.js
FN:1,guardarPokemon
FN:4,buscarPokemonEnLS
FN:7,guardarPagina
FN:10,buscarPaginaEnLS
FNF:4
FNH:0
FNDA:0,guardarPokemon
FNDA:0,buscarPokemonEnLS
FNDA:0,guardarPagina
FNDA:0,buscarPaginaEnLS
DA:2,0
DA:5,0
DA:8,0
DA:11,0
LF:4
LH:0
BRF:0
BRH:0
end_of_record
TN:
SF:src\ui\ui.js
FN:3,mostrarCantidadPokemones
FN:6,crearListaPokemones
FN:8,(anonymous_2)
FN:14,(anonymous_3)
FN:20,borrarPokemonesAnteriores
FN:22,(anonymous_5)
FN:26,mostrarInfoPokemones
FN:46,actualizarInformacion
FN:59,(anonymous_8)
FN:62,(anonymous_9)
FNF:10
FNH:5
FNDA:1,mostrarCantidadPokemones
FNDA:1,crearListaPokemones
FNDA:1,(anonymous_2)
FNDA:0,(anonymous_3)
FNDA:1,borrarPokemonesAnteriores
FNDA:1,(anonymous_5)
FNDA:0,mostrarInfoPokemones
FNDA:0,actualizarInformacion
FNDA:0,(anonymous_8)
FNDA:0,(anonymous_9)
DA:4,1
DA:7,1
DA:8,1
DA:9,1
DA:10,1
DA:11,1
DA:12,1
DA:13,1
DA:14,1
DA:15,0
DA:17,1
DA:21,1
DA:22,1
DA:23,1
DA:27,0
DA:28,0
DA:29,0
DA:30,0
DA:31,0
DA:32,0
DA:33,0
DA:34,0
DA:35,0
DA:36,0
DA:37,0
DA:38,0
DA:39,0
DA:40,0
DA:41,0
DA:42,0
DA:43,0
DA:44,0
DA:47,0
DA:48,0
DA:49,0
DA:50,0
DA:51,0
DA:52,0
DA:53,0
DA:54,0
DA:55,0
DA:56,0
DA:57,0
DA:58,0
DA:59,0
DA:60,0
DA:62,0
DA:63,0
DA:64,0
DA:65,0
DA:66,0
DA:67,0
DA:68,0
DA:69,0
DA:70,0
DA:72,0
DA:73,0
DA:74,0
DA:75,0
LF:59
LH:13
BRF:0
BRH:0
end_of_record
